SQL (4.0ms)   SELECT name
 FROM sqlite_master
 WHERE type = 'table' AND NOT name = 'sqlite_sequence'
SQL (0.0ms)  select sqlite_version(*)
SQL (10.0ms)  CREATE TABLE "schema_migrations" ("version" varchar(255) NOT NULL) 
SQL (8.0ms)  CREATE UNIQUE INDEX "unique_schema_migrations" ON "schema_migrations" ("version")
SQL (0.0ms)   SELECT name
 FROM sqlite_master
 WHERE type = 'table' AND NOT name = 'sqlite_sequence'
SQL (0.0ms)  SELECT version FROM schema_migrations
Migrating to CreateSessions (1)
SQL (1.0ms)  CREATE TABLE "sessions" ("id" INTEGER PRIMARY KEY AUTOINCREMENT NOT NULL, "session_id" varchar(255) NOT NULL, "data" text, "created_at" datetime, "updated_at" datetime) 
SQL (0.0ms)  CREATE INDEX "index_sessions_on_session_id" ON "sessions" ("session_id")
SQL (0.0ms)  CREATE INDEX "index_sessions_on_updated_at" ON "sessions" ("updated_at")
SQL (0.0ms)  INSERT INTO schema_migrations (version) VALUES ('1')
Migrating to CreateUsers (2)
SQL (1.0ms)  CREATE TABLE "users" ("id" INTEGER PRIMARY KEY AUTOINCREMENT NOT NULL, "account" varchar(255), "name" varchar(255), "hashed_password" varchar(255), "salt" varchar(255), "lock_version" integer DEFAULT 0 NOT NULL, "created_at" datetime, "updated_at" datetime) 
SQL (2.0ms)  CREATE UNIQUE INDEX "index_users_on_account" ON "users" ("account")
SQL (0.0ms)  INSERT INTO schema_migrations (version) VALUES ('2')
Migrating to CreateLogs (3)
SQL (1.0ms)  CREATE TABLE "logs" ("id" INTEGER PRIMARY KEY AUTOINCREMENT NOT NULL, "user_id" integer NOT NULL, "action" varchar(255), "error" varchar(255), "created_at" datetime, "updated_at" datetime) 
SQL (0.0ms)  INSERT INTO schema_migrations (version) VALUES ('3')
Migrating to CreateTabs (4)
SQL (1.0ms)  CREATE TABLE "tabs" ("id" INTEGER PRIMARY KEY AUTOINCREMENT NOT NULL, "name" varchar(255), "created_at" datetime, "updated_at" datetime) 
SQL (0.0ms)  INSERT INTO schema_migrations (version) VALUES ('4')
Migrating to CreateGarbages (5)
SQL (2.0ms)  CREATE TABLE "garbages" ("id" INTEGER PRIMARY KEY AUTOINCREMENT NOT NULL, "name" varchar(255), "ruby" varchar(255), "image_url" varchar(255), "category_id" integer, "note" text, "gabage_station" varchar(255), "keyword1" varchar(255), "keyword2" varchar(255), "keyword3" varchar(255), "keyword4" varchar(255), "keyword5" varchar(255), "lock_version" integer DEFAULT 0 NOT NULL, "created_at" datetime, "updated_at" datetime) 
SQL (0.0ms)  INSERT INTO schema_migrations (version) VALUES ('5')
Migrating to CreateCategories (6)
SQL (2.0ms)  CREATE TABLE "categories" ("id" INTEGER PRIMARY KEY AUTOINCREMENT NOT NULL, "name" varchar(255), "cycle" varchar(255), "detail" text, "detail_url" varchar(255), "throw" text, "throw_url" varchar(255), "lock_version" integer DEFAULT 0 NOT NULL, "created_at" datetime, "updated_at" datetime) 
SQL (0.0ms)  INSERT INTO schema_migrations (version) VALUES ('6')
Migrating to CreateCollectDates (7)
SQL (2.0ms)  CREATE TABLE "collect_dates" ("id" INTEGER PRIMARY KEY AUTOINCREMENT NOT NULL, "area_id" integer, "category_id" integer, "collect_date" date, "lock_version" integer DEFAULT 0 NOT NULL, "created_at" datetime, "updated_at" datetime) 
SQL (0.0ms)  INSERT INTO schema_migrations (version) VALUES ('7')
Migrating to CreateAreas (8)
SQL (2.0ms)  CREATE TABLE "areas" ("id" INTEGER PRIMARY KEY AUTOINCREMENT NOT NULL, "name" varchar(255), "lock_version" integer DEFAULT 0 NOT NULL, "created_at" datetime, "updated_at" datetime) 
SQL (0.0ms)  INSERT INTO schema_migrations (version) VALUES ('8')
SQL (1.0ms)   SELECT name
 FROM sqlite_master
 WHERE type = 'table' AND NOT name = 'sqlite_sequence'
SQL (1.0ms)  SELECT version FROM schema_migrations
SQL (0.0ms)   SELECT name
 FROM sqlite_master
 WHERE type = 'table' AND NOT name = 'sqlite_sequence'
SQL (0.0ms)  PRAGMA index_list("areas")
SQL (0.0ms)  PRAGMA index_list("categories")
SQL (0.0ms)  PRAGMA index_list("collect_dates")
SQL (0.0ms)  PRAGMA index_list("garbages")
SQL (0.0ms)  PRAGMA index_list("logs")
SQL (0.0ms)  PRAGMA index_list("sessions")
SQL (0.0ms)  PRAGMA index_info('index_sessions_on_updated_at')
SQL (0.0ms)  PRAGMA index_info('index_sessions_on_session_id')
SQL (0.0ms)  PRAGMA index_list("tabs")
SQL (0.0ms)  PRAGMA index_list("users")
SQL (0.0ms)  PRAGMA index_info('index_users_on_account')
User Load (0.0ms)  SELECT "users".id FROM "users" WHERE ("users"."account" = 'test') LIMIT 1
User Create (3.0ms)  INSERT INTO "users" ("name", "updated_at", "hashed_password", "lock_version", "account", "salt", "created_at") VALUES('テストユーザ', '2012-09-03 23:42:09', 'd0c5a6877d1bf3ec0a1b06681884028262218993', 0, 'test', '378042120.823639975794053', '2012-09-03 23:42:09')
Garbage Create (1.0ms)  INSERT INTO "garbages" ("name", "note", "updated_at", "gabage_station", "image_url", "category_id", "lock_version", "ruby", "keyword1", "keyword2", "keyword3", "keyword4", "keyword5", "created_at") VALUES('雨傘', '布、ビニールは取り外し、もえるごみとして出してください。', '2012-09-03 23:42:09', '?', 'amagasa.gif', 7, 0, 'あまがさ', '雨', 'かさ', 'かっぱ', '', '', '2012-09-03 23:42:09')
Garbage Create (2.0ms)  INSERT INTO "garbages" ("name", "note", "updated_at", "gabage_station", "image_url", "category_id", "lock_version", "ruby", "keyword1", "keyword2", "keyword3", "keyword4", "keyword5", "created_at") VALUES('雨具', '', '2012-09-03 23:42:09', '○', 'amagu.gif', 10, 0, 'あまぐ', '雨', 'かさ', 'かっぱ', '', '', '2012-09-03 23:42:09')
Garbage Create (1.0ms)  INSERT INTO "garbages" ("name", "note", "updated_at", "gabage_station", "image_url", "category_id", "lock_version", "ruby", "keyword1", "keyword2", "keyword3", "keyword4", "keyword5", "created_at") VALUES('長靴', '', '2012-09-03 23:42:09', '○', 'nagagutsu.gif', 10, 0, 'ながぐつ', '雨', 'かさ', 'かっぱ', '', '', '2012-09-03 23:42:09')
Category Create (1.0ms)  INSERT INTO "categories" ("name", "detail_url", "updated_at", "cycle", "throw", "detail", "lock_version", "throw_url", "created_at") VALUES('資源物（プラスチック製容器包装）', '', '2012-09-03 23:42:09', '週1回', '指定袋に入れて出してください。', '菓子袋類、カップ・パック類、ボトル類、チューブ類、発砲スチロール類', 0, '', '2012-09-03 23:42:09')
Category Create (2.0ms)  INSERT INTO "categories" ("name", "detail_url", "updated_at", "cycle", "throw", "detail", "lock_version", "throw_url", "created_at") VALUES('資源物（紙類）', '', '2012-09-03 23:42:09', '月2回', '紙類はそのまま。', '新聞紙・広告・チラシ、本・雑誌、ダンボール、紙パック、その他紙', 0, '', '2012-09-03 23:42:09')
Category Create (1.0ms)  INSERT INTO "categories" ("name", "detail_url", "updated_at", "cycle", "throw", "detail", "lock_version", "throw_url", "created_at") VALUES('資源物（ペットボトル）', '', '2012-09-03 23:42:09', '月2回', 'ペットボトルは専用BOXに。', 'ペットボトル', 0, '', '2012-09-03 23:42:09')
Category Create (2.0ms)  INSERT INTO "categories" ("name", "detail_url", "updated_at", "cycle", "throw", "detail", "lock_version", "throw_url", "created_at") VALUES('資源物（缶類）', '', '2012-09-03 23:42:09', '月1回', '缶類は専用BOXに。', 'アルミ缶、スチール缶', 0, '', '2012-09-03 23:42:09')
Category Create (1.0ms)  INSERT INTO "categories" ("name", "detail_url", "updated_at", "cycle", "throw", "detail", "lock_version", "throw_url", "created_at") VALUES('資源物（衣類（綿製品））', '', '2012-09-03 23:42:09', '月1回', '衣服・布類は透明な袋に。', '衣服・布', 0, '', '2012-09-03 23:42:09')
Category Create (1.0ms)  INSERT INTO "categories" ("name", "detail_url", "updated_at", "cycle", "throw", "detail", "lock_version", "throw_url", "created_at") VALUES('資源物（びん類）', '', '2012-09-03 23:42:09', '月1回', '色ごとの専用BOXに。', '無色びん、茶色びん、緑色びん、黒色びん、その他びん', 0, '', '2012-09-03 23:42:09')
Category Create (2.0ms)  INSERT INTO "categories" ("name", "detail_url", "updated_at", "cycle", "throw", "detail", "lock_version", "throw_url", "created_at") VALUES('資源物（その他金属）', '', '2012-09-03 23:42:09', '年6回', '散らかるものだけ透明な袋で出してください。', 'その他金属類、小型家電類', 0, '', '2012-09-03 23:42:09')
Category Create (1.0ms)  INSERT INTO "categories" ("name", "detail_url", "updated_at", "cycle", "throw", "detail", "lock_version", "throw_url", "created_at") VALUES('資源物（せん定木・落ち葉）', '', '2012-09-03 23:42:09', '月1〜2回（5月〜12月）', 'せん定木は基準のサイズで縛って。落ち葉・草は透明な袋で。', 'せん定木、落ち葉・刈った草', 0, '', '2012-09-03 23:42:09')
Category Create (2.0ms)  INSERT INTO "categories" ("name", "detail_url", "updated_at", "cycle", "throw", "detail", "lock_version", "throw_url", "created_at") VALUES('資源物（てんぷら油）', '', '2012-09-03 23:42:09', '年3回', '専用ポリタンクに。', '植物性てんぷら油', 0, '', '2012-09-03 23:42:09')
Category Create (1.0ms)  INSERT INTO "categories" ("name", "detail_url", "updated_at", "cycle", "throw", "detail", "lock_version", "throw_url", "created_at") VALUES('可燃物（もえるごみ）', '', '2012-09-03 23:42:09', '週2回', '指定袋に入れて出してください。', '生ごみ、プラスチック類・革類・ゴム類・アルミホイル等', 0, '', '2012-09-03 23:42:09')
Category Create (2.0ms)  INSERT INTO "categories" ("name", "detail_url", "updated_at", "cycle", "throw", "detail", "lock_version", "throw_url", "created_at") VALUES('不燃物（うめたてごみ）', '', '2012-09-03 23:42:09', '年6回', '指定袋に入れて出してください。', '茶碗・皿類、ガラス類、植木鉢、電球、アルミガード等', 0, '', '2012-09-03 23:42:09')
Category Create (2.0ms)  INSERT INTO "categories" ("name", "detail_url", "updated_at", "cycle", "throw", "detail", "lock_version", "throw_url", "created_at") VALUES('有害ごみ', '', '2012-09-03 23:42:09', '年3回', '透明な袋に入れて出してください。（蛍光灯は購入時の空き箱で）', '乾電池、水銀温度計・水銀体温計、蛍光灯', 0, '', '2012-09-03 23:42:09')
CollectDate Load (0.0ms)  SELECT "collect_dates".id FROM "collect_dates" WHERE ("collect_dates"."collect_date" = '2012-09-03' AND "collect_dates".area_id = 3 AND "collect_dates".category_id = 1) LIMIT 1
CollectDate Create (1.0ms)  INSERT INTO "collect_dates" ("area_id", "updated_at", "collect_date", "category_id", "lock_version", "created_at") VALUES(3, '2012-09-03 23:42:09', '2012-09-03', 1, 0, '2012-09-03 23:42:09')
CollectDate Load (1.0ms)  SELECT "collect_dates".id FROM "collect_dates" WHERE ("collect_dates"."collect_date" = '2012-09-04' AND "collect_dates".area_id = 3 AND "collect_dates".category_id = 10) LIMIT 1
CollectDate Create (2.0ms)  INSERT INTO "collect_dates" ("area_id", "updated_at", "collect_date", "category_id", "lock_version", "created_at") VALUES(3, '2012-09-03 23:42:09', '2012-09-04', 10, 0, '2012-09-03 23:42:09')
CollectDate Load (1.0ms)  SELECT "collect_dates".id FROM "collect_dates" WHERE ("collect_dates"."collect_date" = '2012-09-05' AND "collect_dates".area_id = 3 AND "collect_dates".category_id = 2) LIMIT 1
CollectDate Create (1.0ms)  INSERT INTO "collect_dates" ("area_id", "updated_at", "collect_date", "category_id", "lock_version", "created_at") VALUES(3, '2012-09-03 23:42:09', '2012-09-05', 2, 0, '2012-09-03 23:42:09')
CollectDate Load (0.0ms)  SELECT "collect_dates".id FROM "collect_dates" WHERE ("collect_dates"."collect_date" = '2012-09-05' AND "collect_dates".area_id = 3 AND "collect_dates".category_id = 3) LIMIT 1
CollectDate Create (1.0ms)  INSERT INTO "collect_dates" ("area_id", "updated_at", "collect_date", "category_id", "lock_version", "created_at") VALUES(3, '2012-09-03 23:42:09', '2012-09-05', 3, 0, '2012-09-03 23:42:09')
CollectDate Load (1.0ms)  SELECT "collect_dates".id FROM "collect_dates" WHERE ("collect_dates"."collect_date" = '2012-09-06' AND "collect_dates".area_id = 3 AND "collect_dates".category_id = 10) LIMIT 1
CollectDate Create (1.0ms)  INSERT INTO "collect_dates" ("area_id", "updated_at", "collect_date", "category_id", "lock_version", "created_at") VALUES(3, '2012-09-03 23:42:09', '2012-09-06', 10, 0, '2012-09-03 23:42:09')
CollectDate Load (0.0ms)  SELECT "collect_dates".id FROM "collect_dates" WHERE ("collect_dates"."collect_date" = '2012-09-07' AND "collect_dates".area_id = 3 AND "collect_dates".category_id = 10) LIMIT 1
CollectDate Create (1.0ms)  INSERT INTO "collect_dates" ("area_id", "updated_at", "collect_date", "category_id", "lock_version", "created_at") VALUES(3, '2012-09-03 23:42:09', '2012-09-07', 10, 0, '2012-09-03 23:42:09')
CollectDate Load (0.0ms)  SELECT "collect_dates".id FROM "collect_dates" WHERE ("collect_dates"."collect_date" = '2012-09-10' AND "collect_dates".area_id = 3 AND "collect_dates".category_id = 1) LIMIT 1
CollectDate Create (1.0ms)  INSERT INTO "collect_dates" ("area_id", "updated_at", "collect_date", "category_id", "lock_version", "created_at") VALUES(3, '2012-09-03 23:42:09', '2012-09-10', 1, 0, '2012-09-03 23:42:09')
CollectDate Load (1.0ms)  SELECT "collect_dates".id FROM "collect_dates" WHERE ("collect_dates"."collect_date" = '2012-09-11' AND "collect_dates".area_id = 3 AND "collect_dates".category_id = 10) LIMIT 1
CollectDate Create (1.0ms)  INSERT INTO "collect_dates" ("area_id", "updated_at", "collect_date", "category_id", "lock_version", "created_at") VALUES(3, '2012-09-03 23:42:09', '2012-09-11', 10, 0, '2012-09-03 23:42:09')
CollectDate Load (0.0ms)  SELECT "collect_dates".id FROM "collect_dates" WHERE ("collect_dates"."collect_date" = '2012-09-14' AND "collect_dates".area_id = 3 AND "collect_dates".category_id = 10) LIMIT 1
CollectDate Create (1.0ms)  INSERT INTO "collect_dates" ("area_id", "updated_at", "collect_date", "category_id", "lock_version", "created_at") VALUES(3, '2012-09-03 23:42:09', '2012-09-14', 10, 0, '2012-09-03 23:42:09')
CollectDate Load (1.0ms)  SELECT "collect_dates".id FROM "collect_dates" WHERE ("collect_dates"."collect_date" = '2012-09-15' AND "collect_dates".area_id = 3 AND "collect_dates".category_id = 6) LIMIT 1
CollectDate Create (1.0ms)  INSERT INTO "collect_dates" ("area_id", "updated_at", "collect_date", "category_id", "lock_version", "created_at") VALUES(3, '2012-09-03 23:42:09', '2012-09-15', 6, 0, '2012-09-03 23:42:09')
CollectDate Load (1.0ms)  SELECT "collect_dates".id FROM "collect_dates" WHERE ("collect_dates"."collect_date" = '2012-09-17' AND "collect_dates".area_id = 3 AND "collect_dates".category_id = 1) LIMIT 1
CollectDate Create (1.0ms)  INSERT INTO "collect_dates" ("area_id", "updated_at", "collect_date", "category_id", "lock_version", "created_at") VALUES(3, '2012-09-03 23:42:09', '2012-09-17', 1, 0, '2012-09-03 23:42:09')
CollectDate Load (1.0ms)  SELECT "collect_dates".id FROM "collect_dates" WHERE ("collect_dates"."collect_date" = '2012-09-18' AND "collect_dates".area_id = 3 AND "collect_dates".category_id = 10) LIMIT 1
CollectDate Create (1.0ms)  INSERT INTO "collect_dates" ("area_id", "updated_at", "collect_date", "category_id", "lock_version", "created_at") VALUES(3, '2012-09-03 23:42:09', '2012-09-18', 10, 0, '2012-09-03 23:42:09')
CollectDate Load (0.0ms)  SELECT "collect_dates".id FROM "collect_dates" WHERE ("collect_dates"."collect_date" = '2012-09-19' AND "collect_dates".area_id = 3 AND "collect_dates".category_id = 4) LIMIT 1
CollectDate Create (1.0ms)  INSERT INTO "collect_dates" ("area_id", "updated_at", "collect_date", "category_id", "lock_version", "created_at") VALUES(3, '2012-09-03 23:42:09', '2012-09-19', 4, 0, '2012-09-03 23:42:09')
CollectDate Load (0.0ms)  SELECT "collect_dates".id FROM "collect_dates" WHERE ("collect_dates"."collect_date" = '2012-09-20' AND "collect_dates".area_id = 3 AND "collect_dates".category_id = 6) LIMIT 1
CollectDate Create (2.0ms)  INSERT INTO "collect_dates" ("area_id", "updated_at", "collect_date", "category_id", "lock_version", "created_at") VALUES(3, '2012-09-03 23:42:09', '2012-09-20', 6, 0, '2012-09-03 23:42:09')
CollectDate Load (0.0ms)  SELECT "collect_dates".id FROM "collect_dates" WHERE ("collect_dates"."collect_date" = '2012-09-21' AND "collect_dates".area_id = 3 AND "collect_dates".category_id = 10) LIMIT 1
CollectDate Create (1.0ms)  INSERT INTO "collect_dates" ("area_id", "updated_at", "collect_date", "category_id", "lock_version", "created_at") VALUES(3, '2012-09-03 23:42:09', '2012-09-21', 10, 0, '2012-09-03 23:42:09')
CollectDate Load (0.0ms)  SELECT "collect_dates".id FROM "collect_dates" WHERE ("collect_dates"."collect_date" = '2012-09-21' AND "collect_dates".area_id = 3 AND "collect_dates".category_id = 10) LIMIT 1
CollectDate Load (1.0ms)  SELECT "collect_dates".id FROM "collect_dates" WHERE ("collect_dates"."collect_date" = '2012-09-24' AND "collect_dates".area_id = 3 AND "collect_dates".category_id = 1) LIMIT 1
CollectDate Create (1.0ms)  INSERT INTO "collect_dates" ("area_id", "updated_at", "collect_date", "category_id", "lock_version", "created_at") VALUES(3, '2012-09-03 23:42:09', '2012-09-24', 1, 0, '2012-09-03 23:42:09')
CollectDate Load (1.0ms)  SELECT "collect_dates".id FROM "collect_dates" WHERE ("collect_dates"."collect_date" = '2012-09-25' AND "collect_dates".area_id = 3 AND "collect_dates".category_id = 10) LIMIT 1
CollectDate Create (1.0ms)  INSERT INTO "collect_dates" ("area_id", "updated_at", "collect_date", "category_id", "lock_version", "created_at") VALUES(3, '2012-09-03 23:42:09', '2012-09-25', 10, 0, '2012-09-03 23:42:09')
CollectDate Load (0.0ms)  SELECT "collect_dates".id FROM "collect_dates" WHERE ("collect_dates"."collect_date" = '2012-09-27' AND "collect_dates".area_id = 3 AND "collect_dates".category_id = 8) LIMIT 1
CollectDate Create (1.0ms)  INSERT INTO "collect_dates" ("area_id", "updated_at", "collect_date", "category_id", "lock_version", "created_at") VALUES(3, '2012-09-03 23:42:09', '2012-09-27', 8, 0, '2012-09-03 23:42:09')
CollectDate Load (0.0ms)  SELECT "collect_dates".id FROM "collect_dates" WHERE ("collect_dates"."collect_date" = '2012-09-28' AND "collect_dates".area_id = 3 AND "collect_dates".category_id = 10) LIMIT 1
CollectDate Create (1.0ms)  INSERT INTO "collect_dates" ("area_id", "updated_at", "collect_date", "category_id", "lock_version", "created_at") VALUES(3, '2012-09-03 23:42:09', '2012-09-28', 10, 0, '2012-09-03 23:42:09')
Area Create (2.0ms)  INSERT INTO "areas" ("name", "updated_at", "lock_version", "created_at") VALUES('【1ブロック】高出1〜5区・野村・片丘・郷原・堅石・奈良井', '2012-09-03 23:42:09', 0, '2012-09-03 23:42:09')
Area Create (1.0ms)  INSERT INTO "areas" ("name", "updated_at", "lock_version", "created_at") VALUES('【2ブロック】大門1〜5番町（泉町）・大門七区（並木町・桔梗町）・宗賀・贄川', '2012-09-03 23:42:09', 0, '2012-09-03 23:42:09')
Area Create (2.0ms)  INSERT INTO "areas" ("name", "updated_at", "lock_version", "created_at") VALUES('【3ブロック】大門6（幸町）〜8番町・田川町・北小野・塩尻東・木曽平沢', '2012-09-03 23:42:09', 0, '2012-09-03 23:42:09')
Area Create (1.0ms)  INSERT INTO "areas" ("name", "updated_at", "lock_version", "created_at") VALUES('【4ブロック】原新田・吉田1〜5区・洗馬・朝日村', '2012-09-03 23:42:09', 0, '2012-09-03 23:42:09')


Processing AuthController#login (for 127.0.0.1 at 2012-09-03 23:43:33) [GET]
Rendering template within layouts/application
Rendering auth/login
Completed in 1898ms (View: 72, DB: 0) | 200 OK [http://localhost/]


Processing AuthController#login (for 127.0.0.1 at 2012-09-03 23:43:40) [GET]
Rendering template within layouts/application
Rendering auth/login
Completed in 24ms (View: 18, DB: 2) | 200 OK [http://localhost/]


Processing AuthController#login (for 127.0.0.1 at 2012-09-03 23:43:44) [POST]
  Parameters: {"authenticity_token"=>"TGa0wB+F96Z2zsiw1F1EJal8mCINVR/Yz0jGlzhGfgM=", "id"=>"test", "x"=>"0", "y"=>"0", "password"=>"test"}
User Load (1.0ms)  SELECT * FROM "users" WHERE ("users"."account" = 'test') LIMIT 1
Log Create (2.0ms)  INSERT INTO "logs" ("created_at", "user_id", "error", "action", "updated_at") VALUES('2012-09-03 23:43:44', 1, NULL, 'login', '2012-09-03 23:43:44')
Redirected to http://localhost:3000/top
Completed in 57ms (DB: 4) | 302 Found [http://localhost/]


Processing TopController#index (for 127.0.0.1 at 2012-09-03 23:43:44) [GET]
User Load (0.0ms)  SELECT * FROM "users" WHERE ("users"."id" = 1) 
Rendering template within layouts/application
Rendering top/index
Completed in 88ms (View: 53, DB: 2) | 200 OK [http://localhost/top]


Processing GarbagesController#index (for 127.0.0.1 at 2012-09-03 23:43:48) [GET]
User Load (0.0ms)  SELECT * FROM "users" WHERE ("users"."id" = 1) 
Garbage Load (0.0ms)  SELECT * FROM "garbages" ORDER BY garbages.id asc
Category Load (0.0ms)  SELECT * FROM "categories" WHERE ("categories"."id" IN (7,10)) 
Rendering template within layouts/application
Rendering garbages/index
Completed in 114ms (View: 49, DB: 1) | 200 OK [http://localhost/garbages]


Processing CategoriesController#index (for 127.0.0.1 at 2012-09-03 23:43:53) [GET]
User Load (0.0ms)  SELECT * FROM "users" WHERE ("users"."id" = 1) 
Category Load (1.0ms)  SELECT * FROM "categories" ORDER BY categories.id asc
Rendering template within layouts/application
Rendering categories/index
Completed in 89ms (View: 43, DB: 2) | 200 OK [http://localhost/categories]


Processing AreasController#index (for 127.0.0.1 at 2012-09-03 23:43:59) [GET]
User Load (1.0ms)  SELECT * FROM "users" WHERE ("users"."id" = 1) 
Area Load (0.0ms)  SELECT * FROM "areas" ORDER BY areas.id asc
Rendering template within layouts/application
Rendering areas/index
Completed in 83ms (View: 36, DB: 2) | 200 OK [http://localhost/areas]


Processing CollectDatesController#index (for 127.0.0.1 at 2012-09-03 23:44:01) [GET]
User Load (1.0ms)  SELECT * FROM "users" WHERE ("users"."id" = 1) 
CollectDate Load (1.0ms)  SELECT * FROM "collect_dates" ORDER BY collect_dates.id asc
Area Load (1.0ms)  SELECT * FROM "areas" WHERE ("areas"."id" = 3) 
Category Load (1.0ms)  SELECT * FROM "categories" WHERE ("categories"."id" IN (8,4,6,3,2,1,10)) 
Rendering template within layouts/application
Rendering collect_dates/index
Completed in 142ms (View: 66, DB: 5) | 200 OK [http://localhost/collect_dates]


Processing GarbagesController#index (for 127.0.0.1 at 2012-09-03 23:44:17) [GET]
User Load (1.0ms)  SELECT * FROM "users" WHERE ("users"."id" = 1) 
Garbage Load (1.0ms)  SELECT * FROM "garbages" ORDER BY garbages.id asc
Category Load (0.0ms)  SELECT * FROM "categories" WHERE ("categories"."id" IN (7,10)) 
Rendering template within layouts/application
Rendering garbages/index
Completed in 92ms (View: 35, DB: 3) | 200 OK [http://localhost/garbages]


Processing DatabasesController#list (for 127.0.0.1 at 2012-09-03 23:44:22) [GET]
User Load (1.0ms)  SELECT * FROM "users" WHERE ("users"."id" = 1) 
SQL (0.0ms)   SELECT name
 FROM sqlite_master
 WHERE type = 'table' AND NOT name = 'sqlite_sequence'
Rendering template within layouts/application
Rendering databases/list
Completed in 59ms (View: 26, DB: 2) | 200 OK [http://localhost/databases]


Processing DatabasesController#index (for 127.0.0.1 at 2012-09-03 23:44:24) [GET]
  Parameters: {"tablename"=>"users"}
User Load (0.0ms)  SELECT * FROM "users" WHERE ("users"."id" = 1) 
SQL (0.0ms)  select * from users
Rendering template within layouts/application
Rendering databases/index
Completed in 69ms (View: 32, DB: 1) | 200 OK [http://localhost/database/users]


Processing DatabasesController#new (for 127.0.0.1 at 2012-09-03 23:44:27) [GET]
  Parameters: {"tablename"=>"users"}
User Load (0.0ms)  SELECT * FROM "users" WHERE ("users"."id" = 1) 
Rendering template within layouts/application
Rendering databases/new
Completed in 63ms (View: 30, DB: 1) | 200 OK [http://localhost/database/new/users]
